<?xml version="1.0" encoding="UTF-8"?>
<!-- Generated by org.testng.reporters.JUnitReportReporter -->
<testsuite hostname="LAPTOP-DQ369GKF" failures="0" tests="2" name="selenium.MyFirstSeleniumTest" time="13.272" errors="0" timestamp="2022-02-13T19:28:15 IST" skipped="0">
  <testcase classname="selenium.MyFirstSeleniumTest" name="myTest1" time="5.740"/>
  <system-out/>
  <testcase classname="selenium.MyFirstSeleniumTest" name="myTest2" time="7.532"/>
  <system-out/>
</testsuite> <!-- selenium.MyFirstSeleniumTest -->
