<?xml version="1.0" encoding="UTF-8"?>
<!-- Generated by org.testng.reporters.JUnitReportReporter -->
<testsuite hostname="LAPTOP-DQ369GKF" failures="0" tests="2" name="selenium.TestngAnnotationExample" time="0.000" errors="0" timestamp="2022-02-13T19:28:15 IST" skipped="0">
  <testcase classname="selenium.TestngAnnotationExample" name="m2" time="0.000"/>
  <system-out/>
  <testcase classname="selenium.TestngAnnotationExample" name="m1" time="0.000"/>
  <system-out/>
</testsuite> <!-- selenium.TestngAnnotationExample -->
